This software collection is provided and supported by Quantum Computing team of
CSC.
Run `module help Local-quantum` for more information about support.
Not all software may be compatible with software in other stacks,
so mix at your own risk. 
######## CIRCUIT DIAGRAMS ########
==================================================================
Arithmetic Asian char-function circuit  (6 qubits, detector q5, basis=X, lambda=0.5)
==================================================================
        ┌────────────┐                                                                                                                                                                                                                                                                           ░ ┌─┐               
   q_0: ┤ Ry(1.5712) ├──■────■───────────────────────────────────────────────────────────────────────────────────────────────────────────────────────────────────────────────────────────────────────────────────────────────────────────────────────────────────■───────■───────────────────────░─┤M├───────────────
        ├────────────┤  │    │                                                                                                                                                                                                                                   │       │                       ░ └╥┘┌─┐            
   q_1: ┤ Ry(1.5712) ├──┼────┼───────────────────────────────────────────────────────■────■──────────────────────────────────────────────────────────────────────────────────────────────────────────────────────────────────────────────────────────────────────┼───────┼────■────■─────────────░──╫─┤M├────────────
        ├────────────┤  │    │                                                       │    │                                                                                                                                                                      │       │    │    │             ░  ║ └╥┘┌─┐         
   q_2: ┤ Ry(1.5712) ├──┼────┼───────────────────────────────────────────────────────┼────┼───────────────────────────────────────────────────────────────────────■────■─────────────────────────────────────────────────────────────────────────────────────────┼───────┼────┼────┼────■────■───░──╫──╫─┤M├─────────
        └────────────┘  │  ┌─┴─┐┌─────────────────────────────────────────────────┐  │  ┌─┴─┐┌─────────────────────────────────────────────────────────────────┐  │  ┌─┴─┐┌────────────────────────────────────────────────────────────────────────────────┐   ┌─┴─┐     │  ┌─┴─┐  │  ┌─┴─┐  │   ░  ║  ║ └╥┘┌─┐      
   q_3: ────────────────■──┤ X ├┤0                                                ├──■──┤ X ├┤0                                                                ├──■──┤ X ├┤0                                                                               ├───┤ X ├─────■──┤ X ├──■──┤ X ├──■───░──╫──╫──╫─┤M├──────
                      ┌─┴─┐└───┘│  Diagonal(0.8333+0.55282j,0.67618+0.73673j,1,1) │┌─┴─┐└───┘│  Diagonal(0.88227+0.47074j,0.76931+0.63887j,0.55707+0.83046j,1) │┌─┴─┐└───┘│  Diagonal(0.91707+0.39873j,0.83651+0.54795j,0.68223+0.73114j,0.39985+0.91658j) │   └───┘   ┌─┴─┐└───┘┌─┴─┐└───┘┌─┴─┐ ░  ║  ║  ║ └╥┘┌─┐   
   q_4: ──────────────┤ X ├─────┤1                                                ├┤ X ├─────┤1                                                                ├┤ X ├─────┤1                                                                               ├───────────┤ X ├─────┤ X ├─────┤ X ├─░──╫──╫──╫──╫─┤M├───
            ┌───┐     └───┘     └────────────────────────┬────────────────────────┘└───┘     └────────────────────────────────┬────────────────────────────────┘└───┘     └───────────────────────────────────────┬────────────────────────────────────────┘┌─────────┐├───┤     └───┘     └───┘ ░  ║  ║  ║  ║ └╥┘┌─┐
   q_5: ────┤ H ├────────────────────────────────────────■────────────────────────────────────────────────────────────────────■───────────────────────────────────────────────────────────────────────────────────■─────────────────────────────────────────┤ P(-2.1) ├┤ H ├─────────────────────░──╫──╫──╫──╫──╫─┤M├
            └───┘                                                                                                                                                                                                                                           └─────────┘└───┘                     ░  ║  ║  ║  ║  ║ └╥┘
meas: 6/════════════════════════════════════════════════════════════════════════════════════════════════════════════════════════════════════════════════════════════════════════════════════════════════════════════════════════════════════════════════════════════════════════════════════════════╩══╩══╩══╩══╩══╩═
                                                                                                                                                                                                                                                                                                    0  1  2  3  4  5 

Saved asian_char_circuit.png
==================================================================
Arithmetic Asian char-function circuit  (6 qubits, detector q5, basis=Y, lambda=0.5)
==================================================================
        ┌────────────┐                                                                                                                                                                                                                                                                             ░ ┌─┐               
   q_0: ┤ Ry(1.5712) ├──■────■───────────────────────────────────────────────────────────────────────────────────────────────────────────────────────────────────────────────────────────────────────────────────────────────────────────────────────────────────■────────■────────────────────────░─┤M├───────────────
        ├────────────┤  │    │                                                                                                                                                                                                                                   │        │                        ░ └╥┘┌─┐            
   q_1: ┤ Ry(1.5712) ├──┼────┼───────────────────────────────────────────────────────■────■──────────────────────────────────────────────────────────────────────────────────────────────────────────────────────────────────────────────────────────────────────┼────────┼─────■────■─────────────░──╫─┤M├────────────
        ├────────────┤  │    │                                                       │    │                                                                                                                                                                      │        │     │    │             ░  ║ └╥┘┌─┐         
   q_2: ┤ Ry(1.5712) ├──┼────┼───────────────────────────────────────────────────────┼────┼───────────────────────────────────────────────────────────────────────■────■─────────────────────────────────────────────────────────────────────────────────────────┼────────┼─────┼────┼────■────■───░──╫──╫─┤M├─────────
        └────────────┘  │  ┌─┴─┐┌─────────────────────────────────────────────────┐  │  ┌─┴─┐┌─────────────────────────────────────────────────────────────────┐  │  ┌─┴─┐┌────────────────────────────────────────────────────────────────────────────────┐   ┌─┴─┐      │   ┌─┴─┐  │  ┌─┴─┐  │   ░  ║  ║ └╥┘┌─┐      
   q_3: ────────────────■──┤ X ├┤0                                                ├──■──┤ X ├┤0                                                                ├──■──┤ X ├┤0                                                                               ├───┤ X ├──────■───┤ X ├──■──┤ X ├──■───░──╫──╫──╫─┤M├──────
                      ┌─┴─┐└───┘│  Diagonal(0.8333+0.55282j,0.67618+0.73673j,1,1) │┌─┴─┐└───┘│  Diagonal(0.88227+0.47074j,0.76931+0.63887j,0.55707+0.83046j,1) │┌─┴─┐└───┘│  Diagonal(0.91707+0.39873j,0.83651+0.54795j,0.68223+0.73114j,0.39985+0.91658j) │   └───┘    ┌─┴─┐ └───┘┌─┴─┐└───┘┌─┴─┐ ░  ║  ║  ║ └╥┘┌─┐   
   q_4: ──────────────┤ X ├─────┤1                                                ├┤ X ├─────┤1                                                                ├┤ X ├─────┤1                                                                               ├────────────┤ X ├──────┤ X ├─────┤ X ├─░──╫──╫──╫──╫─┤M├───
            ┌───┐     └───┘     └────────────────────────┬────────────────────────┘└───┘     └────────────────────────────────┬────────────────────────────────┘└───┘     └───────────────────────────────────────┬────────────────────────────────────────┘┌─────────┐┌┴───┴┐┌───┐└───┘     └───┘ ░  ║  ║  ║  ║ └╥┘┌─┐
   q_5: ────┤ H ├────────────────────────────────────────■────────────────────────────────────────────────────────────────────■───────────────────────────────────────────────────────────────────────────────────■─────────────────────────────────────────┤ P(-2.1) ├┤ Sdg ├┤ H ├────────────────░──╫──╫──╫──╫──╫─┤M├
            └───┘                                                                                                                                                                                                                                           └─────────┘└─────┘└───┘                ░  ║  ║  ║  ║  ║ └╥┘
meas: 6/══════════════════════════════════════════════════════════════════════════════════════════════════════════════════════════════════════════════════════════════════════════════════════════════════════════════════════════════════════════════════════════════════════════════════════════════╩══╩══╩══╩══╩══╩═
                                                                                                                                                                                                                                                                                                      0  1  2  3  4  5 
######## EXPERIMENT ########
==================================================================
Arithmetic Asian pricing  -  quantum characteristic-function route
3 path qubits + 2 running-weight qubits + 1 detector = 6 qubits
==================================================================
S0=4.2  K=4.2  r=0.03  sigma=0.3  T=1.0   payoff f = mean_t S_t
exact Asian price (enumeration)   = 0.397795

detector index: 5

Asian characteristic-function circuit (X-basis, lambda=0.5):
        ┌────────────┐                                                                                                                                                                                                                                                                           ░ ┌─┐               
   q_0: ┤ Ry(1.5712) ├──■────■───────────────────────────────────────────────────────────────────────────────────────────────────────────────────────────────────────────────────────────────────────────────────────────────────────────────────────────────────■───────■───────────────────────░─┤M├───────────────
        ├────────────┤  │    │                                                                                                                                                                                                                                   │       │                       ░ └╥┘┌─┐            
   q_1: ┤ Ry(1.5712) ├──┼────┼───────────────────────────────────────────────────────■────■──────────────────────────────────────────────────────────────────────────────────────────────────────────────────────────────────────────────────────────────────────┼───────┼────■────■─────────────░──╫─┤M├────────────
        ├────────────┤  │    │                                                       │    │                                                                                                                                                                      │       │    │    │             ░  ║ └╥┘┌─┐         
   q_2: ┤ Ry(1.5712) ├──┼────┼───────────────────────────────────────────────────────┼────┼───────────────────────────────────────────────────────────────────────■────■─────────────────────────────────────────────────────────────────────────────────────────┼───────┼────┼────┼────■────■───░──╫──╫─┤M├─────────
        └────────────┘  │  ┌─┴─┐┌─────────────────────────────────────────────────┐  │  ┌─┴─┐┌─────────────────────────────────────────────────────────────────┐  │  ┌─┴─┐┌────────────────────────────────────────────────────────────────────────────────┐   ┌─┴─┐     │  ┌─┴─┐  │  ┌─┴─┐  │   ░  ║  ║ └╥┘┌─┐      
   q_3: ────────────────■──┤ X ├┤0                                                ├──■──┤ X ├┤0                                                                ├──■──┤ X ├┤0                                                                               ├───┤ X ├─────■──┤ X ├──■──┤ X ├──■───░──╫──╫──╫─┤M├──────
                      ┌─┴─┐└───┘│  Diagonal(0.8333+0.55282j,0.67618+0.73673j,1,1) │┌─┴─┐└───┘│  Diagonal(0.88227+0.47074j,0.76931+0.63887j,0.55707+0.83046j,1) │┌─┴─┐└───┘│  Diagonal(0.91707+0.39873j,0.83651+0.54795j,0.68223+0.73114j,0.39985+0.91658j) │   └───┘   ┌─┴─┐└───┘┌─┴─┐└───┘┌─┴─┐ ░  ║  ║  ║ └╥┘┌─┐   
   q_4: ──────────────┤ X ├─────┤1                                                ├┤ X ├─────┤1                                                                ├┤ X ├─────┤1                                                                               ├───────────┤ X ├─────┤ X ├─────┤ X ├─░──╫──╫──╫──╫─┤M├───
            ┌───┐     └───┘     └────────────────────────┬────────────────────────┘└───┘     └────────────────────────────────┬────────────────────────────────┘└───┘     └───────────────────────────────────────┬────────────────────────────────────────┘┌─────────┐├───┤     └───┘     └───┘ ░  ║  ║  ║  ║ └╥┘┌─┐
   q_5: ────┤ H ├────────────────────────────────────────■────────────────────────────────────────────────────────────────────■───────────────────────────────────────────────────────────────────────────────────■─────────────────────────────────────────┤ P(-2.1) ├┤ H ├─────────────────────░──╫──╫──╫──╫──╫─┤M├
            └───┘                                                                                                                                                                                                                                           └─────────┘└───┘                     ░  ║  ║  ║  ║  ║ └╥┘
meas: 6/════════════════════════════════════════════════════════════════════════════════════════════════════════════════════════════════════════════════════════════════════════════════════════════════════════════════════════════════════════════════════════════════════════════════════════════╩══╩══╩══╩══╩══╩═
                                                                                                                                                                                                                                                                                                    0  1  2  3  4  5 
Saved asian_char_circuit.png

==================================================================
1a  Validate the quantum characteristic function G(lambda)
==================================================================
G_circuit(lambda=0.5) = +0.896564 +0.032880j
G_exact  (lambda=0.5) = +0.896564 +0.032880j   |diff|=6.68e-16

==================================================================
1b  Price from the quantum G via Fourier (COS) inversion
==================================================================
price from quantum G (COS)        = 0.398023   |err vs exact|=2.28e-04  (density mass 1.0000)
classical Monte Carlo (N=200000)  = 0.398016 +/- 0.001333
exact (enumeration)               = 0.397795

==================================================================
1c  Competitive claim: amplitude estimation vs classical sampling
==================================================================
Estimate a = Pr[d=1] = (1-Re G)/2 at lambda0; same quantity, two ways.
target a = 0.051718

  queries  classical err   quantum (MLAE) err
      400        0.01000              0.00692
      900        0.00565              0.00275
     1800        0.00458              0.00154
     3500        0.00301              0.00089
     6800        0.00213              0.00040

==================================================================
2  Real hardware on Q50  (shallow pieces only)
==================================================================
NISQ note: the bare characteristic-function circuit and m=1 are runnable;
the deep Grover amplification for the full 1/eps speed-up is FT-era.
[Q50] X-basis -> Re G = -0.1133
[Q50] Y-basis -> Im G = +0.3438
[Q50] G(lambda0) = -0.1133 +0.3438j   (exact +0.8966 +0.0329j)

==================================================================
price: exact=0.39779  quantumG-COS=0.39802  MC=0.39802
Saved asian_query_scaling.png, asian_price_comparison.png
Done.
